2025-08-14 13:35:00,285 DEBUG    root            Loaded Command Group: ['gcloud', 'components']
2025-08-14 13:35:00,289 DEBUG    root            Loaded Command Group: ['gcloud', 'components', 'update']
2025-08-14 13:35:00,292 DEBUG    root            Running [gcloud.components.update] with arguments: [--compile-python: "True", --quiet: "True", COMPONENT-IDS:6: "['core', 'gcloud-deps', 'bq', 'gcloud', 'gcloud-crc32c', 'gsutil']"]
2025-08-14 13:35:00,293 INFO     ___FILE_ONLY___ Beginning update. This process may take several minutes.

2025-08-14 13:35:00,327 DEBUG    urllib3.connectionpool Starting new HTTPS connection (1): dl.google.com:443
2025-08-14 13:35:00,730 DEBUG    urllib3.connectionpool https://dl.google.com:443 "GET /dl/cloudsdk/channels/rapid/components-2.json HTTP/11" 200 233150
2025-08-14 13:35:00,740 INFO     ___FILE_ONLY___ 

2025-08-14 13:35:00,741 INFO     ___FILE_ONLY___ 
Your current Google Cloud CLI version is: 534.0.0

2025-08-14 13:35:00,741 INFO     ___FILE_ONLY___ Installing components from version: 534.0.0

2025-08-14 13:35:00,741 INFO     ___FILE_ONLY___ 

2025-08-14 13:35:00,741 DEBUG    root            Chosen display Format:table[box,title="These components will be removed."](details.display_name:label=Name:align=left,version.version_string:label=Version:align=right,data.size.size(zero="",min=1048576):label=Size:align=right)
2025-08-14 13:35:00,742 DEBUG    root            Chosen display Format:table[box,title="These components will be updated."](details.display_name:label=Name:align=left,version.version_string:label=Version:align=right,data.size.size(zero="",min=1048576):label=Size:align=right)
2025-08-14 13:35:00,742 DEBUG    root            Chosen display Format:table[box,title="These components will be installed."](details.display_name:label=Name:align=left,version.version_string:label=Version:align=right,data.size.size(zero="",min=1048576):label=Size:align=right)
2025-08-14 13:35:00,779 INFO     ___FILE_ONLY___ ┌─────────────────────────────────────────────────────────────────────────────┐
2025-08-14 13:35:00,780 INFO     ___FILE_ONLY___ 

2025-08-14 13:35:00,780 INFO     ___FILE_ONLY___ │                     These components will be installed.                     │
2025-08-14 13:35:00,780 INFO     ___FILE_ONLY___ 

2025-08-14 13:35:00,780 INFO     ___FILE_ONLY___ ├─────────────────────────────────────────────────────┬────────────┬──────────┤
2025-08-14 13:35:00,780 INFO     ___FILE_ONLY___ 

2025-08-14 13:35:00,780 INFO     ___FILE_ONLY___ │                         Name                        │  Version   │   Size   │
2025-08-14 13:35:00,780 INFO     ___FILE_ONLY___ 

2025-08-14 13:35:00,780 INFO     ___FILE_ONLY___ ├─────────────────────────────────────────────────────┼────────────┼──────────┤
2025-08-14 13:35:00,780 INFO     ___FILE_ONLY___ 

2025-08-14 13:35:00,780 INFO     ___FILE_ONLY___ │ 
2025-08-14 13:35:00,780 INFO     ___FILE_ONLY___ BigQuery Command Line Tool                         
2025-08-14 13:35:00,780 INFO     ___FILE_ONLY___  
2025-08-14 13:35:00,780 INFO     ___FILE_ONLY___ │ 
2025-08-14 13:35:00,780 INFO     ___FILE_ONLY___     2.1.22
2025-08-14 13:35:00,780 INFO     ___FILE_ONLY___  
2025-08-14 13:35:00,780 INFO     ___FILE_ONLY___ │ 
2025-08-14 13:35:00,780 INFO     ___FILE_ONLY___  1.8 MiB
2025-08-14 13:35:00,780 INFO     ___FILE_ONLY___  
2025-08-14 13:35:00,780 INFO     ___FILE_ONLY___ │
2025-08-14 13:35:00,780 INFO     ___FILE_ONLY___ 

2025-08-14 13:35:00,781 INFO     ___FILE_ONLY___ │ 
2025-08-14 13:35:00,781 INFO     ___FILE_ONLY___ BigQuery Command Line Tool (Platform Specific)     
2025-08-14 13:35:00,781 INFO     ___FILE_ONLY___  
2025-08-14 13:35:00,781 INFO     ___FILE_ONLY___ │ 
2025-08-14 13:35:00,781 INFO     ___FILE_ONLY___     2.1.17
2025-08-14 13:35:00,781 INFO     ___FILE_ONLY___  
2025-08-14 13:35:00,781 INFO     ___FILE_ONLY___ │ 
2025-08-14 13:35:00,781 INFO     ___FILE_ONLY___  < 1 MiB
2025-08-14 13:35:00,781 INFO     ___FILE_ONLY___  
2025-08-14 13:35:00,781 INFO     ___FILE_ONLY___ │
2025-08-14 13:35:00,781 INFO     ___FILE_ONLY___ 

2025-08-14 13:35:00,781 INFO     ___FILE_ONLY___ │ 
2025-08-14 13:35:00,781 INFO     ___FILE_ONLY___ Bundled Python 3.12 (Platform Specific)            
2025-08-14 13:35:00,781 INFO     ___FILE_ONLY___  
2025-08-14 13:35:00,781 INFO     ___FILE_ONLY___ │ 
2025-08-14 13:35:00,781 INFO     ___FILE_ONLY___     3.12.9
2025-08-14 13:35:00,781 INFO     ___FILE_ONLY___  
2025-08-14 13:35:00,781 INFO     ___FILE_ONLY___ │ 
2025-08-14 13:35:00,781 INFO     ___FILE_ONLY___ 89.3 MiB
2025-08-14 13:35:00,781 INFO     ___FILE_ONLY___  
2025-08-14 13:35:00,781 INFO     ___FILE_ONLY___ │
2025-08-14 13:35:00,782 INFO     ___FILE_ONLY___ 

2025-08-14 13:35:00,782 INFO     ___FILE_ONLY___ │ 
2025-08-14 13:35:00,782 INFO     ___FILE_ONLY___ Cloud Storage Command Line Tool                    
2025-08-14 13:35:00,782 INFO     ___FILE_ONLY___  
2025-08-14 13:35:00,782 INFO     ___FILE_ONLY___ │ 
2025-08-14 13:35:00,782 INFO     ___FILE_ONLY___       5.35
2025-08-14 13:35:00,782 INFO     ___FILE_ONLY___  
2025-08-14 13:35:00,782 INFO     ___FILE_ONLY___ │ 
2025-08-14 13:35:00,782 INFO     ___FILE_ONLY___ 12.4 MiB
2025-08-14 13:35:00,782 INFO     ___FILE_ONLY___  
2025-08-14 13:35:00,782 INFO     ___FILE_ONLY___ │
2025-08-14 13:35:00,782 INFO     ___FILE_ONLY___ 

2025-08-14 13:35:00,782 INFO     ___FILE_ONLY___ │ 
2025-08-14 13:35:00,782 INFO     ___FILE_ONLY___ Cloud Storage Command Line Tool (Platform Specific)
2025-08-14 13:35:00,782 INFO     ___FILE_ONLY___  
2025-08-14 13:35:00,782 INFO     ___FILE_ONLY___ │ 
2025-08-14 13:35:00,782 INFO     ___FILE_ONLY___       5.34
2025-08-14 13:35:00,782 INFO     ___FILE_ONLY___  
2025-08-14 13:35:00,783 INFO     ___FILE_ONLY___ │ 
2025-08-14 13:35:00,783 INFO     ___FILE_ONLY___  < 1 MiB
2025-08-14 13:35:00,783 INFO     ___FILE_ONLY___  
2025-08-14 13:35:00,783 INFO     ___FILE_ONLY___ │
2025-08-14 13:35:00,783 INFO     ___FILE_ONLY___ 

2025-08-14 13:35:00,783 INFO     ___FILE_ONLY___ │ 
2025-08-14 13:35:00,783 INFO     ___FILE_ONLY___ Google Cloud CLI Core Libraries (Platform Specific)
2025-08-14 13:35:00,783 INFO     ___FILE_ONLY___  
2025-08-14 13:35:00,783 INFO     ___FILE_ONLY___ │ 
2025-08-14 13:35:00,783 INFO     ___FILE_ONLY___ 2025.05.23
2025-08-14 13:35:00,783 INFO     ___FILE_ONLY___  
2025-08-14 13:35:00,783 INFO     ___FILE_ONLY___ │ 
2025-08-14 13:35:00,783 INFO     ___FILE_ONLY___  < 1 MiB
2025-08-14 13:35:00,783 INFO     ___FILE_ONLY___  
2025-08-14 13:35:00,783 INFO     ___FILE_ONLY___ │
2025-08-14 13:35:00,783 INFO     ___FILE_ONLY___ 

2025-08-14 13:35:00,783 INFO     ___FILE_ONLY___ │ 
2025-08-14 13:35:00,783 INFO     ___FILE_ONLY___ Google Cloud CRC32C Hash Tool (Platform Specific)  
2025-08-14 13:35:00,783 INFO     ___FILE_ONLY___  
2025-08-14 13:35:00,783 INFO     ___FILE_ONLY___ │ 
2025-08-14 13:35:00,783 INFO     ___FILE_ONLY___      1.0.0
2025-08-14 13:35:00,784 INFO     ___FILE_ONLY___  
2025-08-14 13:35:00,784 INFO     ___FILE_ONLY___ │ 
2025-08-14 13:35:00,784 INFO     ___FILE_ONLY___  1.5 MiB
2025-08-14 13:35:00,784 INFO     ___FILE_ONLY___  
2025-08-14 13:35:00,784 INFO     ___FILE_ONLY___ │
2025-08-14 13:35:00,784 INFO     ___FILE_ONLY___ 

2025-08-14 13:35:00,784 INFO     ___FILE_ONLY___ │ 
2025-08-14 13:35:00,784 INFO     ___FILE_ONLY___ gcloud cli dependencies (Platform Specific)        
2025-08-14 13:35:00,784 INFO     ___FILE_ONLY___  
2025-08-14 13:35:00,784 INFO     ___FILE_ONLY___ │ 
2025-08-14 13:35:00,784 INFO     ___FILE_ONLY___ 2021.04.16
2025-08-14 13:35:00,784 INFO     ___FILE_ONLY___  
2025-08-14 13:35:00,784 INFO     ___FILE_ONLY___ │ 
2025-08-14 13:35:00,784 INFO     ___FILE_ONLY___  < 1 MiB
2025-08-14 13:35:00,784 INFO     ___FILE_ONLY___  
2025-08-14 13:35:00,784 INFO     ___FILE_ONLY___ │
2025-08-14 13:35:00,784 INFO     ___FILE_ONLY___ 

2025-08-14 13:35:00,784 INFO     ___FILE_ONLY___ └─────────────────────────────────────────────────────┴────────────┴──────────┘
2025-08-14 13:35:00,784 INFO     ___FILE_ONLY___ 

2025-08-14 13:35:00,784 INFO     ___FILE_ONLY___ 

2025-08-14 13:35:00,788 DEBUG    urllib3.connectionpool Starting new HTTPS connection (1): dl.google.com:443
2025-08-14 13:35:00,985 DEBUG    urllib3.connectionpool https://dl.google.com:443 "GET /dl/cloudsdk/channels/rapid/RELEASE_NOTES HTTP/11" 200 1464830
2025-08-14 13:35:02,437 INFO     ___FILE_ONLY___ For the latest full release notes, please visit:
  https://cloud.google.com/sdk/release_notes


2025-08-14 13:35:02,438 INFO     ___FILE_ONLY___ Performing in place update...


2025-08-14 13:35:02,440 INFO     ___FILE_ONLY___ ╔════════════════════════════════════════════════════════════╗

2025-08-14 13:35:02,440 INFO     ___FILE_ONLY___ ╠═ Downloading: BigQuery Command Line Tool                  ═╣

2025-08-14 13:35:02,440 INFO     ___FILE_ONLY___ ╚
2025-08-14 13:35:02,443 DEBUG    urllib3.connectionpool Starting new HTTPS connection (1): dl.google.com:443
2025-08-14 13:35:02,629 DEBUG    urllib3.connectionpool https://dl.google.com:443 "GET /dl/cloudsdk/channels/rapid/components/google-cloud-sdk-bq-20250801150402.tar.gz HTTP/11" 200 1856357
2025-08-14 13:35:03,662 INFO     ___FILE_ONLY___ ═
2025-08-14 13:35:03,663 INFO     ___FILE_ONLY___ ═
2025-08-14 13:35:03,663 INFO     ___FILE_ONLY___ ═
2025-08-14 13:35:03,663 INFO     ___FILE_ONLY___ ═
2025-08-14 13:35:03,663 INFO     ___FILE_ONLY___ ═
2025-08-14 13:35:03,663 INFO     ___FILE_ONLY___ ═
2025-08-14 13:35:03,663 INFO     ___FILE_ONLY___ ═
2025-08-14 13:35:03,663 INFO     ___FILE_ONLY___ ═
2025-08-14 13:35:03,663 INFO     ___FILE_ONLY___ ═
2025-08-14 13:35:03,663 INFO     ___FILE_ONLY___ ═
2025-08-14 13:35:03,664 INFO     ___FILE_ONLY___ ═
2025-08-14 13:35:03,664 INFO     ___FILE_ONLY___ ═
2025-08-14 13:35:03,664 INFO     ___FILE_ONLY___ ═
2025-08-14 13:35:03,664 INFO     ___FILE_ONLY___ ═
2025-08-14 13:35:03,664 INFO     ___FILE_ONLY___ ═
2025-08-14 13:35:03,664 INFO     ___FILE_ONLY___ ═
2025-08-14 13:35:03,664 INFO     ___FILE_ONLY___ ═
2025-08-14 13:35:03,664 INFO     ___FILE_ONLY___ ═
2025-08-14 13:35:03,664 INFO     ___FILE_ONLY___ ═
2025-08-14 13:35:03,664 INFO     ___FILE_ONLY___ ═
2025-08-14 13:35:03,665 INFO     ___FILE_ONLY___ ═
2025-08-14 13:35:03,665 INFO     ___FILE_ONLY___ ═
2025-08-14 13:35:03,665 INFO     ___FILE_ONLY___ ═
2025-08-14 13:35:03,665 INFO     ___FILE_ONLY___ ═
2025-08-14 13:35:03,665 INFO     ___FILE_ONLY___ ═
2025-08-14 13:35:03,665 INFO     ___FILE_ONLY___ ═
2025-08-14 13:35:03,665 INFO     ___FILE_ONLY___ ═
2025-08-14 13:35:03,665 INFO     ___FILE_ONLY___ ═
2025-08-14 13:35:03,665 INFO     ___FILE_ONLY___ ═
2025-08-14 13:35:03,665 INFO     ___FILE_ONLY___ ═
2025-08-14 13:35:03,665 INFO     ___FILE_ONLY___ ═
2025-08-14 13:35:03,666 INFO     ___FILE_ONLY___ ═
2025-08-14 13:35:03,666 INFO     ___FILE_ONLY___ ═
2025-08-14 13:35:03,666 INFO     ___FILE_ONLY___ ═
2025-08-14 13:35:03,666 INFO     ___FILE_ONLY___ ═
2025-08-14 13:35:03,666 INFO     ___FILE_ONLY___ ═
2025-08-14 13:35:03,666 INFO     ___FILE_ONLY___ ═
2025-08-14 13:35:03,666 INFO     ___FILE_ONLY___ ═
2025-08-14 13:35:03,666 INFO     ___FILE_ONLY___ ═
2025-08-14 13:35:03,666 INFO     ___FILE_ONLY___ ═
2025-08-14 13:35:03,666 INFO     ___FILE_ONLY___ ═
2025-08-14 13:35:03,666 INFO     ___FILE_ONLY___ ═
2025-08-14 13:35:03,667 INFO     ___FILE_ONLY___ ═
2025-08-14 13:35:03,667 INFO     ___FILE_ONLY___ ═
2025-08-14 13:35:03,667 INFO     ___FILE_ONLY___ ═
2025-08-14 13:35:03,667 INFO     ___FILE_ONLY___ ═
2025-08-14 13:35:03,667 INFO     ___FILE_ONLY___ ═
2025-08-14 13:35:03,667 INFO     ___FILE_ONLY___ ═
2025-08-14 13:35:03,667 INFO     ___FILE_ONLY___ ═
2025-08-14 13:35:03,667 INFO     ___FILE_ONLY___ ═
2025-08-14 13:35:03,667 INFO     ___FILE_ONLY___ ═
2025-08-14 13:35:03,667 INFO     ___FILE_ONLY___ ═
2025-08-14 13:35:03,667 INFO     ___FILE_ONLY___ ═
2025-08-14 13:35:03,668 INFO     ___FILE_ONLY___ ═
2025-08-14 13:35:03,668 INFO     ___FILE_ONLY___ ═
2025-08-14 13:35:03,668 INFO     ___FILE_ONLY___ ═
2025-08-14 13:35:03,668 INFO     ___FILE_ONLY___ ═
2025-08-14 13:35:03,668 INFO     ___FILE_ONLY___ ═
2025-08-14 13:35:03,668 INFO     ___FILE_ONLY___ ═
2025-08-14 13:35:03,668 INFO     ___FILE_ONLY___ ═
2025-08-14 13:35:03,668 INFO     ___FILE_ONLY___ ╝

2025-08-14 13:35:03,670 INFO     ___FILE_ONLY___ ╔════════════════════════════════════════════════════════════╗

2025-08-14 13:35:03,671 INFO     ___FILE_ONLY___ ╠═ Downloading: BigQuery Command Line Tool (Platform Spe... ═╣

2025-08-14 13:35:03,671 INFO     ___FILE_ONLY___ ╚
2025-08-14 13:35:03,674 DEBUG    urllib3.connectionpool Starting new HTTPS connection (1): dl.google.com:443
2025-08-14 13:35:04,712 DEBUG    urllib3.connectionpool https://dl.google.com:443 "GET /dl/cloudsdk/channels/rapid/components/google-cloud-sdk-bq-nix-20250523104322.tar.gz HTTP/11" 200 1935
2025-08-14 13:35:04,713 INFO     ___FILE_ONLY___ ════════════════════════════════════════════════════════════
2025-08-14 13:35:04,713 INFO     ___FILE_ONLY___ ╝

2025-08-14 13:35:04,715 INFO     ___FILE_ONLY___ ╔════════════════════════════════════════════════════════════╗

2025-08-14 13:35:04,715 INFO     ___FILE_ONLY___ ╠═ Downloading: Bundled Python 3.12                         ═╣

2025-08-14 13:35:04,715 INFO     ___FILE_ONLY___ ╚
2025-08-14 13:35:04,715 INFO     ___FILE_ONLY___ ════════════════════════════════════════════════════════════
2025-08-14 13:35:04,715 INFO     ___FILE_ONLY___ ╝

2025-08-14 13:35:04,717 INFO     ___FILE_ONLY___ ╔════════════════════════════════════════════════════════════╗

2025-08-14 13:35:04,717 INFO     ___FILE_ONLY___ ╠═ Downloading: Bundled Python 3.12 (Platform Specific)     ═╣

2025-08-14 13:35:04,717 INFO     ___FILE_ONLY___ ╚
2025-08-14 13:35:04,720 DEBUG    urllib3.connectionpool Starting new HTTPS connection (1): dl.google.com:443
2025-08-14 13:35:04,913 DEBUG    urllib3.connectionpool https://dl.google.com:443 "GET /dl/cloudsdk/channels/rapid/components/google-cloud-sdk-bundled-python3-unix-linux-x86_64-20250502143716.tar.gz HTTP/11" 200 93610468
2025-08-14 13:35:10,642 INFO     ___FILE_ONLY___ ═
2025-08-14 13:35:10,644 INFO     ___FILE_ONLY___ ═
2025-08-14 13:35:10,646 INFO     ___FILE_ONLY___ ═
2025-08-14 13:35:10,648 INFO     ___FILE_ONLY___ ═
2025-08-14 13:35:10,650 INFO     ___FILE_ONLY___ ═
2025-08-14 13:35:10,652 INFO     ___FILE_ONLY___ ═
2025-08-14 13:35:10,653 INFO     ___FILE_ONLY___ ═
2025-08-14 13:35:10,655 INFO     ___FILE_ONLY___ ═
2025-08-14 13:35:10,657 INFO     ___FILE_ONLY___ ═
2025-08-14 13:35:10,659 INFO     ___FILE_ONLY___ ═
2025-08-14 13:35:10,661 INFO     ___FILE_ONLY___ ═
2025-08-14 13:35:10,663 INFO     ___FILE_ONLY___ ═
2025-08-14 13:35:10,665 INFO     ___FILE_ONLY___ ═
2025-08-14 13:35:10,667 INFO     ___FILE_ONLY___ ═
2025-08-14 13:35:10,669 INFO     ___FILE_ONLY___ ═
2025-08-14 13:35:10,671 INFO     ___FILE_ONLY___ ═
2025-08-14 13:35:10,672 INFO     ___FILE_ONLY___ ═
2025-08-14 13:35:10,674 INFO     ___FILE_ONLY___ ═
2025-08-14 13:35:10,676 INFO     ___FILE_ONLY___ ═
2025-08-14 13:35:10,678 INFO     ___FILE_ONLY___ ═
2025-08-14 13:35:10,681 INFO     ___FILE_ONLY___ ═
2025-08-14 13:35:10,683 INFO     ___FILE_ONLY___ ═
2025-08-14 13:35:10,685 INFO     ___FILE_ONLY___ ═
2025-08-14 13:35:10,686 INFO     ___FILE_ONLY___ ═
2025-08-14 13:35:10,688 INFO     ___FILE_ONLY___ ═
2025-08-14 13:35:10,691 INFO     ___FILE_ONLY___ ═
2025-08-14 13:35:10,693 INFO     ___FILE_ONLY___ ═
2025-08-14 13:35:10,695 INFO     ___FILE_ONLY___ ═
2025-08-14 13:35:10,697 INFO     ___FILE_ONLY___ ═
2025-08-14 13:35:10,699 INFO     ___FILE_ONLY___ ═
2025-08-14 13:35:10,700 INFO     ___FILE_ONLY___ ═
2025-08-14 13:35:10,702 INFO     ___FILE_ONLY___ ═
2025-08-14 13:35:10,704 INFO     ___FILE_ONLY___ ═
2025-08-14 13:35:10,706 INFO     ___FILE_ONLY___ ═
2025-08-14 13:35:10,708 INFO     ___FILE_ONLY___ ═
2025-08-14 13:35:10,710 INFO     ___FILE_ONLY___ ═
2025-08-14 13:35:10,712 INFO     ___FILE_ONLY___ ═
2025-08-14 13:35:10,713 INFO     ___FILE_ONLY___ ═
2025-08-14 13:35:10,715 INFO     ___FILE_ONLY___ ═
2025-08-14 13:35:10,717 INFO     ___FILE_ONLY___ ═
2025-08-14 13:35:10,719 INFO     ___FILE_ONLY___ ═
2025-08-14 13:35:10,721 INFO     ___FILE_ONLY___ ═
2025-08-14 13:35:10,723 INFO     ___FILE_ONLY___ ═
2025-08-14 13:35:10,725 INFO     ___FILE_ONLY___ ═
2025-08-14 13:35:10,727 INFO     ___FILE_ONLY___ ═
2025-08-14 13:35:10,728 INFO     ___FILE_ONLY___ ═
2025-08-14 13:35:10,730 INFO     ___FILE_ONLY___ ═
2025-08-14 13:35:10,732 INFO     ___FILE_ONLY___ ═
2025-08-14 13:35:10,734 INFO     ___FILE_ONLY___ ═
2025-08-14 13:35:10,736 INFO     ___FILE_ONLY___ ═
2025-08-14 13:35:10,738 INFO     ___FILE_ONLY___ ═
2025-08-14 13:35:10,740 INFO     ___FILE_ONLY___ ═
2025-08-14 13:35:10,742 INFO     ___FILE_ONLY___ ═
2025-08-14 13:35:10,744 INFO     ___FILE_ONLY___ ═
2025-08-14 13:35:10,745 INFO     ___FILE_ONLY___ ═
2025-08-14 13:35:10,747 INFO     ___FILE_ONLY___ ═
2025-08-14 13:35:10,750 INFO     ___FILE_ONLY___ ═
2025-08-14 13:35:10,752 INFO     ___FILE_ONLY___ ═
2025-08-14 13:35:10,753 INFO     ___FILE_ONLY___ ═
2025-08-14 13:35:10,755 INFO     ___FILE_ONLY___ ═
2025-08-14 13:35:10,756 INFO     ___FILE_ONLY___ ╝

2025-08-14 13:35:10,758 INFO     ___FILE_ONLY___ ╔════════════════════════════════════════════════════════════╗

2025-08-14 13:35:10,758 INFO     ___FILE_ONLY___ ╠═ Downloading: Cloud Storage Command Line Tool             ═╣

2025-08-14 13:35:10,758 INFO     ___FILE_ONLY___ ╚
2025-08-14 13:35:10,762 DEBUG    urllib3.connectionpool Starting new HTTPS connection (1): dl.google.com:443
2025-08-14 13:35:10,983 DEBUG    urllib3.connectionpool https://dl.google.com:443 "GET /dl/cloudsdk/channels/rapid/components/google-cloud-sdk-gsutil-20250627154417.tar.gz HTTP/11" 200 12962791
2025-08-14 13:35:12,695 INFO     ___FILE_ONLY___ ═
2025-08-14 13:35:12,695 INFO     ___FILE_ONLY___ ═
2025-08-14 13:35:12,696 INFO     ___FILE_ONLY___ ═
2025-08-14 13:35:12,696 INFO     ___FILE_ONLY___ ═
2025-08-14 13:35:12,696 INFO     ___FILE_ONLY___ ═
2025-08-14 13:35:12,697 INFO     ___FILE_ONLY___ ═
2025-08-14 13:35:12,697 INFO     ___FILE_ONLY___ ═
2025-08-14 13:35:12,697 INFO     ___FILE_ONLY___ ═
2025-08-14 13:35:12,697 INFO     ___FILE_ONLY___ ═
2025-08-14 13:35:12,698 INFO     ___FILE_ONLY___ ═
2025-08-14 13:35:12,698 INFO     ___FILE_ONLY___ ═
2025-08-14 13:35:12,698 INFO     ___FILE_ONLY___ ═
2025-08-14 13:35:12,699 INFO     ___FILE_ONLY___ ═
2025-08-14 13:35:12,699 INFO     ___FILE_ONLY___ ═
2025-08-14 13:35:12,699 INFO     ___FILE_ONLY___ ═
2025-08-14 13:35:12,700 INFO     ___FILE_ONLY___ ═
2025-08-14 13:35:12,700 INFO     ___FILE_ONLY___ ═
2025-08-14 13:35:12,700 INFO     ___FILE_ONLY___ ═
2025-08-14 13:35:12,701 INFO     ___FILE_ONLY___ ═
2025-08-14 13:35:12,701 INFO     ___FILE_ONLY___ ═
2025-08-14 13:35:12,701 INFO     ___FILE_ONLY___ ═
2025-08-14 13:35:12,701 INFO     ___FILE_ONLY___ ═
2025-08-14 13:35:12,702 INFO     ___FILE_ONLY___ ═
2025-08-14 13:35:12,702 INFO     ___FILE_ONLY___ ═
2025-08-14 13:35:12,702 INFO     ___FILE_ONLY___ ═
2025-08-14 13:35:12,703 INFO     ___FILE_ONLY___ ═
2025-08-14 13:35:12,703 INFO     ___FILE_ONLY___ ═
2025-08-14 13:35:12,703 INFO     ___FILE_ONLY___ ═
2025-08-14 13:35:12,704 INFO     ___FILE_ONLY___ ═
2025-08-14 13:35:12,704 INFO     ___FILE_ONLY___ ═
2025-08-14 13:35:12,704 INFO     ___FILE_ONLY___ ═
2025-08-14 13:35:12,705 INFO     ___FILE_ONLY___ ═
2025-08-14 13:35:12,705 INFO     ___FILE_ONLY___ ═
2025-08-14 13:35:12,705 INFO     ___FILE_ONLY___ ═
2025-08-14 13:35:12,705 INFO     ___FILE_ONLY___ ═
2025-08-14 13:35:12,706 INFO     ___FILE_ONLY___ ═
2025-08-14 13:35:12,706 INFO     ___FILE_ONLY___ ═
2025-08-14 13:35:12,706 INFO     ___FILE_ONLY___ ═
2025-08-14 13:35:12,707 INFO     ___FILE_ONLY___ ═
2025-08-14 13:35:12,707 INFO     ___FILE_ONLY___ ═
2025-08-14 13:35:12,707 INFO     ___FILE_ONLY___ ═
2025-08-14 13:35:12,708 INFO     ___FILE_ONLY___ ═
2025-08-14 13:35:12,708 INFO     ___FILE_ONLY___ ═
2025-08-14 13:35:12,708 INFO     ___FILE_ONLY___ ═
2025-08-14 13:35:12,709 INFO     ___FILE_ONLY___ ═
2025-08-14 13:35:12,709 INFO     ___FILE_ONLY___ ═
2025-08-14 13:35:12,709 INFO     ___FILE_ONLY___ ═
2025-08-14 13:35:12,710 INFO     ___FILE_ONLY___ ═
2025-08-14 13:35:12,710 INFO     ___FILE_ONLY___ ═
2025-08-14 13:35:12,710 INFO     ___FILE_ONLY___ ═
2025-08-14 13:35:12,711 INFO     ___FILE_ONLY___ ═
2025-08-14 13:35:12,711 INFO     ___FILE_ONLY___ ═
2025-08-14 13:35:12,711 INFO     ___FILE_ONLY___ ═
2025-08-14 13:35:12,712 INFO     ___FILE_ONLY___ ═
2025-08-14 13:35:12,712 INFO     ___FILE_ONLY___ ═
2025-08-14 13:35:12,712 INFO     ___FILE_ONLY___ ═
2025-08-14 13:35:12,712 INFO     ___FILE_ONLY___ ═
2025-08-14 13:35:12,713 INFO     ___FILE_ONLY___ ═
2025-08-14 13:35:12,713 INFO     ___FILE_ONLY___ ═
2025-08-14 13:35:12,713 INFO     ___FILE_ONLY___ ═
2025-08-14 13:35:12,713 INFO     ___FILE_ONLY___ ╝

2025-08-14 13:35:12,716 INFO     ___FILE_ONLY___ ╔════════════════════════════════════════════════════════════╗

2025-08-14 13:35:12,716 INFO     ___FILE_ONLY___ ╠═ Downloading: Cloud Storage Command Line Tool (Platfor... ═╣

2025-08-14 13:35:12,716 INFO     ___FILE_ONLY___ ╚
2025-08-14 13:35:12,719 DEBUG    urllib3.connectionpool Starting new HTTPS connection (1): dl.google.com:443
2025-08-14 13:35:13,766 DEBUG    urllib3.connectionpool https://dl.google.com:443 "GET /dl/cloudsdk/channels/rapid/components/google-cloud-sdk-gsutil-nix-20250523104322.tar.gz HTTP/11" 200 1950
2025-08-14 13:35:13,767 INFO     ___FILE_ONLY___ ════════════════════════════════════════════════════════════
2025-08-14 13:35:13,767 INFO     ___FILE_ONLY___ ╝

2025-08-14 13:35:13,769 INFO     ___FILE_ONLY___ ╔════════════════════════════════════════════════════════════╗

2025-08-14 13:35:13,769 INFO     ___FILE_ONLY___ ╠═ Downloading: Default set of gcloud commands              ═╣

2025-08-14 13:35:13,769 INFO     ___FILE_ONLY___ ╚
2025-08-14 13:35:13,769 INFO     ___FILE_ONLY___ ════════════════════════════════════════════════════════════
2025-08-14 13:35:13,770 INFO     ___FILE_ONLY___ ╝

2025-08-14 13:35:13,771 INFO     ___FILE_ONLY___ ╔════════════════════════════════════════════════════════════╗

2025-08-14 13:35:13,771 INFO     ___FILE_ONLY___ ╠═ Downloading: Google Cloud CLI Core Libraries (Platfor... ═╣

2025-08-14 13:35:13,771 INFO     ___FILE_ONLY___ ╚
2025-08-14 13:35:13,775 DEBUG    urllib3.connectionpool Starting new HTTPS connection (1): dl.google.com:443
2025-08-14 13:35:14,827 DEBUG    urllib3.connectionpool https://dl.google.com:443 "GET /dl/cloudsdk/channels/rapid/components/google-cloud-sdk-core-nix-20250523104322.tar.gz HTTP/11" 200 2325
2025-08-14 13:35:14,827 INFO     ___FILE_ONLY___ ════════════════════════════════════════════════════════════
2025-08-14 13:35:14,828 INFO     ___FILE_ONLY___ ╝

2025-08-14 13:35:14,830 INFO     ___FILE_ONLY___ ╔════════════════════════════════════════════════════════════╗

2025-08-14 13:35:14,830 INFO     ___FILE_ONLY___ ╠═ Downloading: Google Cloud CRC32C Hash Tool               ═╣

2025-08-14 13:35:14,830 INFO     ___FILE_ONLY___ ╚
2025-08-14 13:35:14,830 INFO     ___FILE_ONLY___ ════════════════════════════════════════════════════════════
2025-08-14 13:35:14,830 INFO     ___FILE_ONLY___ ╝

2025-08-14 13:35:14,832 INFO     ___FILE_ONLY___ ╔════════════════════════════════════════════════════════════╗

2025-08-14 13:35:14,832 INFO     ___FILE_ONLY___ ╠═ Downloading: Google Cloud CRC32C Hash Tool (Platform ... ═╣

2025-08-14 13:35:14,832 INFO     ___FILE_ONLY___ ╚
2025-08-14 13:35:14,836 DEBUG    urllib3.connectionpool Starting new HTTPS connection (1): dl.google.com:443
2025-08-14 13:35:15,064 DEBUG    urllib3.connectionpool https://dl.google.com:443 "GET /dl/cloudsdk/channels/rapid/components/google-cloud-sdk-gcloud-crc32c-linux-x86_64-20250613150750.tar.gz HTTP/11" 200 1525557
2025-08-14 13:35:16,081 INFO     ___FILE_ONLY___ ═
2025-08-14 13:35:16,081 INFO     ___FILE_ONLY___ ═
2025-08-14 13:35:16,081 INFO     ___FILE_ONLY___ ═
2025-08-14 13:35:16,081 INFO     ___FILE_ONLY___ ═
2025-08-14 13:35:16,082 INFO     ___FILE_ONLY___ ═
2025-08-14 13:35:16,082 INFO     ___FILE_ONLY___ ═
2025-08-14 13:35:16,082 INFO     ___FILE_ONLY___ ═
2025-08-14 13:35:16,082 INFO     ___FILE_ONLY___ ═
2025-08-14 13:35:16,082 INFO     ___FILE_ONLY___ ═
2025-08-14 13:35:16,082 INFO     ___FILE_ONLY___ ═
2025-08-14 13:35:16,082 INFO     ___FILE_ONLY___ ═
2025-08-14 13:35:16,082 INFO     ___FILE_ONLY___ ═
2025-08-14 13:35:16,082 INFO     ___FILE_ONLY___ ═
2025-08-14 13:35:16,082 INFO     ___FILE_ONLY___ ═
2025-08-14 13:35:16,082 INFO     ___FILE_ONLY___ ═
2025-08-14 13:35:16,082 INFO     ___FILE_ONLY___ ═
2025-08-14 13:35:16,083 INFO     ___FILE_ONLY___ ═
2025-08-14 13:35:16,083 INFO     ___FILE_ONLY___ ═
2025-08-14 13:35:16,083 INFO     ___FILE_ONLY___ ═
2025-08-14 13:35:16,083 INFO     ___FILE_ONLY___ ═
2025-08-14 13:35:16,083 INFO     ___FILE_ONLY___ ═
2025-08-14 13:35:16,083 INFO     ___FILE_ONLY___ ═
2025-08-14 13:35:16,083 INFO     ___FILE_ONLY___ ═
2025-08-14 13:35:16,083 INFO     ___FILE_ONLY___ ═
2025-08-14 13:35:16,083 INFO     ___FILE_ONLY___ ═
2025-08-14 13:35:16,083 INFO     ___FILE_ONLY___ ═
2025-08-14 13:35:16,083 INFO     ___FILE_ONLY___ ═
2025-08-14 13:35:16,083 INFO     ___FILE_ONLY___ ═
2025-08-14 13:35:16,083 INFO     ___FILE_ONLY___ ═
2025-08-14 13:35:16,084 INFO     ___FILE_ONLY___ ═
2025-08-14 13:35:16,084 INFO     ___FILE_ONLY___ ═
2025-08-14 13:35:16,084 INFO     ___FILE_ONLY___ ═
2025-08-14 13:35:16,084 INFO     ___FILE_ONLY___ ═
2025-08-14 13:35:16,084 INFO     ___FILE_ONLY___ ═
2025-08-14 13:35:16,084 INFO     ___FILE_ONLY___ ═
2025-08-14 13:35:16,084 INFO     ___FILE_ONLY___ ═
2025-08-14 13:35:16,084 INFO     ___FILE_ONLY___ ═
2025-08-14 13:35:16,084 INFO     ___FILE_ONLY___ ═
2025-08-14 13:35:16,084 INFO     ___FILE_ONLY___ ═
2025-08-14 13:35:16,084 INFO     ___FILE_ONLY___ ═
2025-08-14 13:35:16,084 INFO     ___FILE_ONLY___ ═
2025-08-14 13:35:16,085 INFO     ___FILE_ONLY___ ═
2025-08-14 13:35:16,085 INFO     ___FILE_ONLY___ ═
2025-08-14 13:35:16,085 INFO     ___FILE_ONLY___ ═
2025-08-14 13:35:16,085 INFO     ___FILE_ONLY___ ═
2025-08-14 13:35:16,085 INFO     ___FILE_ONLY___ ═
2025-08-14 13:35:16,085 INFO     ___FILE_ONLY___ ═
2025-08-14 13:35:16,085 INFO     ___FILE_ONLY___ ═
2025-08-14 13:35:16,085 INFO     ___FILE_ONLY___ ═
2025-08-14 13:35:16,085 INFO     ___FILE_ONLY___ ═
2025-08-14 13:35:16,085 INFO     ___FILE_ONLY___ ═
2025-08-14 13:35:16,085 INFO     ___FILE_ONLY___ ═
2025-08-14 13:35:16,085 INFO     ___FILE_ONLY___ ═
2025-08-14 13:35:16,085 INFO     ___FILE_ONLY___ ═
2025-08-14 13:35:16,086 INFO     ___FILE_ONLY___ ═
2025-08-14 13:35:16,086 INFO     ___FILE_ONLY___ ═
2025-08-14 13:35:16,086 INFO     ___FILE_ONLY___ ═
2025-08-14 13:35:16,086 INFO     ___FILE_ONLY___ ═
2025-08-14 13:35:16,086 INFO     ___FILE_ONLY___ ═
2025-08-14 13:35:16,086 INFO     ___FILE_ONLY___ ═
2025-08-14 13:35:16,086 INFO     ___FILE_ONLY___ ╝

2025-08-14 13:35:16,088 INFO     ___FILE_ONLY___ ╔════════════════════════════════════════════════════════════╗

2025-08-14 13:35:16,088 INFO     ___FILE_ONLY___ ╠═ Downloading: gcloud cli dependencies (Platform Specific) ═╣

2025-08-14 13:35:16,088 INFO     ___FILE_ONLY___ ╚
2025-08-14 13:35:16,091 DEBUG    urllib3.connectionpool Starting new HTTPS connection (1): dl.google.com:443
2025-08-14 13:35:17,161 DEBUG    urllib3.connectionpool https://dl.google.com:443 "GET /dl/cloudsdk/channels/rapid/components/google-cloud-sdk-gcloud-deps-linux-x86_64-20210416153011.tar.gz HTTP/11" 200 104
2025-08-14 13:35:17,162 INFO     ___FILE_ONLY___ ════════════════════════════════════════════════════════════
2025-08-14 13:35:17,162 INFO     ___FILE_ONLY___ ╝

2025-08-14 13:35:17,164 INFO     ___FILE_ONLY___ ╔════════════════════════════════════════════════════════════╗

2025-08-14 13:35:17,164 INFO     ___FILE_ONLY___ ╠═ Installing: BigQuery Command Line Tool                   ═╣

2025-08-14 13:35:17,164 INFO     ___FILE_ONLY___ ╚
2025-08-14 13:35:17,253 INFO     ___FILE_ONLY___ ═
2025-08-14 13:35:17,256 INFO     ___FILE_ONLY___ ═
2025-08-14 13:35:17,258 INFO     ___FILE_ONLY___ ═
2025-08-14 13:35:17,260 INFO     ___FILE_ONLY___ ═
2025-08-14 13:35:17,263 INFO     ___FILE_ONLY___ ═
2025-08-14 13:35:17,265 INFO     ___FILE_ONLY___ ═
2025-08-14 13:35:17,268 INFO     ___FILE_ONLY___ ═
2025-08-14 13:35:17,269 INFO     ___FILE_ONLY___ ═
2025-08-14 13:35:17,271 INFO     ___FILE_ONLY___ ═
2025-08-14 13:35:17,274 INFO     ___FILE_ONLY___ ═
2025-08-14 13:35:17,276 INFO     ___FILE_ONLY___ ═
2025-08-14 13:35:17,278 INFO     ___FILE_ONLY___ ═
2025-08-14 13:35:17,280 INFO     ___FILE_ONLY___ ═
2025-08-14 13:35:17,282 INFO     ___FILE_ONLY___ ═
2025-08-14 13:35:17,284 INFO     ___FILE_ONLY___ ═
2025-08-14 13:35:17,286 INFO     ___FILE_ONLY___ ═
2025-08-14 13:35:17,289 INFO     ___FILE_ONLY___ ═
2025-08-14 13:35:17,291 INFO     ___FILE_ONLY___ ═
2025-08-14 13:35:17,293 INFO     ___FILE_ONLY___ ═
2025-08-14 13:35:17,296 INFO     ___FILE_ONLY___ ═
2025-08-14 13:35:17,298 INFO     ___FILE_ONLY___ ═
2025-08-14 13:35:17,300 INFO     ___FILE_ONLY___ ═
2025-08-14 13:35:17,303 INFO     ___FILE_ONLY___ ═
2025-08-14 13:35:17,305 INFO     ___FILE_ONLY___ ═
2025-08-14 13:35:17,306 INFO     ___FILE_ONLY___ ═
2025-08-14 13:35:17,308 INFO     ___FILE_ONLY___ ═
2025-08-14 13:35:17,311 INFO     ___FILE_ONLY___ ═
2025-08-14 13:35:17,313 INFO     ___FILE_ONLY___ ═
2025-08-14 13:35:17,315 INFO     ___FILE_ONLY___ ═
2025-08-14 13:35:17,319 INFO     ___FILE_ONLY___ ═
2025-08-14 13:35:17,320 INFO     ___FILE_ONLY___ ═
2025-08-14 13:35:17,323 INFO     ___FILE_ONLY___ ═
2025-08-14 13:35:17,324 INFO     ___FILE_ONLY___ ═
2025-08-14 13:35:17,328 INFO     ___FILE_ONLY___ ═
2025-08-14 13:35:17,330 INFO     ___FILE_ONLY___ ═
2025-08-14 13:35:17,338 INFO     ___FILE_ONLY___ ═
2025-08-14 13:35:17,343 INFO     ___FILE_ONLY___ ═
2025-08-14 13:35:17,347 INFO     ___FILE_ONLY___ ═
2025-08-14 13:35:17,349 INFO     ___FILE_ONLY___ ═
2025-08-14 13:35:17,352 INFO     ___FILE_ONLY___ ═
2025-08-14 13:35:17,354 INFO     ___FILE_ONLY___ ═
2025-08-14 13:35:17,356 INFO     ___FILE_ONLY___ ═
2025-08-14 13:35:17,360 INFO     ___FILE_ONLY___ ═
2025-08-14 13:35:17,363 INFO     ___FILE_ONLY___ ═
2025-08-14 13:35:17,365 INFO     ___FILE_ONLY___ ═
2025-08-14 13:35:17,368 INFO     ___FILE_ONLY___ ═
2025-08-14 13:35:17,369 INFO     ___FILE_ONLY___ ═
2025-08-14 13:35:17,372 INFO     ___FILE_ONLY___ ═
2025-08-14 13:35:17,373 INFO     ___FILE_ONLY___ ═
2025-08-14 13:35:17,376 INFO     ___FILE_ONLY___ ═
2025-08-14 13:35:17,378 INFO     ___FILE_ONLY___ ═
2025-08-14 13:35:17,380 INFO     ___FILE_ONLY___ ═
2025-08-14 13:35:17,382 INFO     ___FILE_ONLY___ ═
2025-08-14 13:35:17,385 INFO     ___FILE_ONLY___ ═
2025-08-14 13:35:17,387 INFO     ___FILE_ONLY___ ═
2025-08-14 13:35:17,390 INFO     ___FILE_ONLY___ ═
2025-08-14 13:35:17,392 INFO     ___FILE_ONLY___ ═
2025-08-14 13:35:17,394 INFO     ___FILE_ONLY___ ═
2025-08-14 13:35:17,396 INFO     ___FILE_ONLY___ ═
2025-08-14 13:35:17,398 INFO     ___FILE_ONLY___ ═
2025-08-14 13:35:17,398 INFO     ___FILE_ONLY___ ╝

2025-08-14 13:35:17,405 INFO     ___FILE_ONLY___ ╔════════════════════════════════════════════════════════════╗

2025-08-14 13:35:17,406 INFO     ___FILE_ONLY___ ╠═ Installing: BigQuery Command Line Tool (Platform Spec... ═╣

2025-08-14 13:35:17,406 INFO     ___FILE_ONLY___ ╚
2025-08-14 13:35:17,406 INFO     ___FILE_ONLY___ ════════════════════════════════════════════════════════════
2025-08-14 13:35:17,407 INFO     ___FILE_ONLY___ ╝

2025-08-14 13:35:17,411 INFO     ___FILE_ONLY___ ╔════════════════════════════════════════════════════════════╗

2025-08-14 13:35:17,411 INFO     ___FILE_ONLY___ ╠═ Installing: Bundled Python 3.12                          ═╣

2025-08-14 13:35:17,411 INFO     ___FILE_ONLY___ ╚
2025-08-14 13:35:17,414 INFO     ___FILE_ONLY___ ════════════════════════════════════════════════════════════
2025-08-14 13:35:17,415 INFO     ___FILE_ONLY___ ╝

2025-08-14 13:35:17,416 INFO     ___FILE_ONLY___ ╔════════════════════════════════════════════════════════════╗

2025-08-14 13:35:17,416 INFO     ___FILE_ONLY___ ╠═ Installing: Bundled Python 3.12 (Platform Specific)      ═╣

2025-08-14 13:35:17,416 INFO     ___FILE_ONLY___ ╚
2025-08-14 13:35:19,531 INFO     ___FILE_ONLY___ ═
2025-08-14 13:35:19,543 INFO     ___FILE_ONLY___ ═
2025-08-14 13:35:19,555 INFO     ___FILE_ONLY___ ═
2025-08-14 13:35:19,568 INFO     ___FILE_ONLY___ ═
2025-08-14 13:35:19,580 INFO     ___FILE_ONLY___ ═
2025-08-14 13:35:19,593 INFO     ___FILE_ONLY___ ═
2025-08-14 13:35:19,607 INFO     ___FILE_ONLY___ ═
2025-08-14 13:35:19,619 INFO     ___FILE_ONLY___ ═
2025-08-14 13:35:19,631 INFO     ___FILE_ONLY___ ═
2025-08-14 13:35:19,644 INFO     ___FILE_ONLY___ ═
2025-08-14 13:35:19,656 INFO     ___FILE_ONLY___ ═
2025-08-14 13:35:19,668 INFO     ___FILE_ONLY___ ═
2025-08-14 13:35:19,681 INFO     ___FILE_ONLY___ ═
2025-08-14 13:35:19,693 INFO     ___FILE_ONLY___ ═
2025-08-14 13:35:19,707 INFO     ___FILE_ONLY___ ═
2025-08-14 13:35:19,719 INFO     ___FILE_ONLY___ ═
2025-08-14 13:35:19,731 INFO     ___FILE_ONLY___ ═
2025-08-14 13:35:19,744 INFO     ___FILE_ONLY___ ═
2025-08-14 13:35:19,757 INFO     ___FILE_ONLY___ ═
2025-08-14 13:35:19,769 INFO     ___FILE_ONLY___ ═
2025-08-14 13:35:19,783 INFO     ___FILE_ONLY___ ═
2025-08-14 13:35:19,796 INFO     ___FILE_ONLY___ ═
2025-08-14 13:35:19,808 INFO     ___FILE_ONLY___ ═
2025-08-14 13:35:19,820 INFO     ___FILE_ONLY___ ═
2025-08-14 13:35:19,833 INFO     ___FILE_ONLY___ ═
2025-08-14 13:35:19,845 INFO     ___FILE_ONLY___ ═
2025-08-14 13:35:19,857 INFO     ___FILE_ONLY___ ═
2025-08-14 13:35:19,869 INFO     ___FILE_ONLY___ ═
2025-08-14 13:35:19,882 INFO     ___FILE_ONLY___ ═
2025-08-14 13:35:19,895 INFO     ___FILE_ONLY___ ═
2025-08-14 13:35:19,907 INFO     ___FILE_ONLY___ ═
2025-08-14 13:35:19,920 INFO     ___FILE_ONLY___ ═
2025-08-14 13:35:19,932 INFO     ___FILE_ONLY___ ═
2025-08-14 13:35:19,946 INFO     ___FILE_ONLY___ ═
2025-08-14 13:35:19,962 INFO     ___FILE_ONLY___ ═
2025-08-14 13:35:19,977 INFO     ___FILE_ONLY___ ═
2025-08-14 13:35:20,813 INFO     ___FILE_ONLY___ ═
2025-08-14 13:35:20,836 INFO     ___FILE_ONLY___ ═
2025-08-14 13:35:21,319 INFO     ___FILE_ONLY___ ═
2025-08-14 13:35:21,337 INFO     ___FILE_ONLY___ ═
2025-08-14 13:35:21,358 INFO     ___FILE_ONLY___ ═
2025-08-14 13:35:21,382 INFO     ___FILE_ONLY___ ═
2025-08-14 13:35:21,401 INFO     ___FILE_ONLY___ ═
2025-08-14 13:35:21,428 INFO     ___FILE_ONLY___ ═
2025-08-14 13:35:21,449 INFO     ___FILE_ONLY___ ═
2025-08-14 13:35:21,468 INFO     ___FILE_ONLY___ ═
2025-08-14 13:35:21,485 INFO     ___FILE_ONLY___ ═
2025-08-14 13:35:21,502 INFO     ___FILE_ONLY___ ═
2025-08-14 13:35:21,589 INFO     ___FILE_ONLY___ ═
2025-08-14 13:35:21,607 INFO     ___FILE_ONLY___ ═
2025-08-14 13:35:21,743 INFO     ___FILE_ONLY___ ═
2025-08-14 13:35:21,760 INFO     ___FILE_ONLY___ ═
2025-08-14 13:35:21,777 INFO     ___FILE_ONLY___ ═
2025-08-14 13:35:21,795 INFO     ___FILE_ONLY___ ═
2025-08-14 13:35:21,810 INFO     ___FILE_ONLY___ ═
2025-08-14 13:35:21,828 INFO     ___FILE_ONLY___ ═
2025-08-14 13:35:21,845 INFO     ___FILE_ONLY___ ═
2025-08-14 13:35:21,862 INFO     ___FILE_ONLY___ ═
2025-08-14 13:35:21,890 INFO     ___FILE_ONLY___ ═
2025-08-14 13:35:22,363 INFO     ___FILE_ONLY___ ═
2025-08-14 13:35:22,363 INFO     ___FILE_ONLY___ ╝

2025-08-14 13:35:22,416 INFO     ___FILE_ONLY___ ╔════════════════════════════════════════════════════════════╗

2025-08-14 13:35:22,416 INFO     ___FILE_ONLY___ ╠═ Installing: Cloud Storage Command Line Tool              ═╣

2025-08-14 13:35:22,416 INFO     ___FILE_ONLY___ ╚
2025-08-14 13:35:22,947 INFO     ___FILE_ONLY___ ═
2025-08-14 13:35:22,959 INFO     ___FILE_ONLY___ ═
2025-08-14 13:35:22,971 INFO     ___FILE_ONLY___ ═
2025-08-14 13:35:22,982 INFO     ___FILE_ONLY___ ═
2025-08-14 13:35:22,992 INFO     ___FILE_ONLY___ ═
2025-08-14 13:35:23,027 INFO     ___FILE_ONLY___ ═
2025-08-14 13:35:23,040 INFO     ___FILE_ONLY___ ═
2025-08-14 13:35:23,055 INFO     ___FILE_ONLY___ ═
2025-08-14 13:35:23,070 INFO     ___FILE_ONLY___ ═
2025-08-14 13:35:23,087 INFO     ___FILE_ONLY___ ═
2025-08-14 13:35:23,106 INFO     ___FILE_ONLY___ ═
2025-08-14 13:35:23,119 INFO     ___FILE_ONLY___ ═
2025-08-14 13:35:23,132 INFO     ___FILE_ONLY___ ═
2025-08-14 13:35:23,142 INFO     ___FILE_ONLY___ ═
2025-08-14 13:35:23,154 INFO     ___FILE_ONLY___ ═
2025-08-14 13:35:23,172 INFO     ___FILE_ONLY___ ═
2025-08-14 13:35:23,186 INFO     ___FILE_ONLY___ ═
2025-08-14 13:35:23,195 INFO     ___FILE_ONLY___ ═
2025-08-14 13:35:23,207 INFO     ___FILE_ONLY___ ═
2025-08-14 13:35:23,218 INFO     ___FILE_ONLY___ ═
2025-08-14 13:35:23,228 INFO     ___FILE_ONLY___ ═
2025-08-14 13:35:23,240 INFO     ___FILE_ONLY___ ═
2025-08-14 13:35:23,251 INFO     ___FILE_ONLY___ ═
2025-08-14 13:35:23,262 INFO     ___FILE_ONLY___ ═
2025-08-14 13:35:23,272 INFO     ___FILE_ONLY___ ═
2025-08-14 13:35:23,282 INFO     ___FILE_ONLY___ ═
2025-08-14 13:35:23,293 INFO     ___FILE_ONLY___ ═
2025-08-14 13:35:23,306 INFO     ___FILE_ONLY___ ═
2025-08-14 13:35:23,323 INFO     ___FILE_ONLY___ ═
2025-08-14 13:35:23,335 INFO     ___FILE_ONLY___ ═
2025-08-14 13:35:23,347 INFO     ___FILE_ONLY___ ═
2025-08-14 13:35:23,367 INFO     ___FILE_ONLY___ ═
2025-08-14 13:35:23,382 INFO     ___FILE_ONLY___ ═
2025-08-14 13:35:23,401 INFO     ___FILE_ONLY___ ═
2025-08-14 13:35:23,415 INFO     ___FILE_ONLY___ ═
2025-08-14 13:35:23,432 INFO     ___FILE_ONLY___ ═
2025-08-14 13:35:23,442 INFO     ___FILE_ONLY___ ═
2025-08-14 13:35:23,452 INFO     ___FILE_ONLY___ ═
2025-08-14 13:35:23,487 INFO     ___FILE_ONLY___ ═
2025-08-14 13:35:23,501 INFO     ___FILE_ONLY___ ═
2025-08-14 13:35:23,513 INFO     ___FILE_ONLY___ ═
2025-08-14 13:35:23,523 INFO     ___FILE_ONLY___ ═
2025-08-14 13:35:23,534 INFO     ___FILE_ONLY___ ═
2025-08-14 13:35:23,545 INFO     ___FILE_ONLY___ ═
2025-08-14 13:35:23,555 INFO     ___FILE_ONLY___ ═
2025-08-14 13:35:23,565 INFO     ___FILE_ONLY___ ═
2025-08-14 13:35:23,575 INFO     ___FILE_ONLY___ ═
2025-08-14 13:35:23,585 INFO     ___FILE_ONLY___ ═
2025-08-14 13:35:23,595 INFO     ___FILE_ONLY___ ═
2025-08-14 13:35:23,607 INFO     ___FILE_ONLY___ ═
2025-08-14 13:35:23,622 INFO     ___FILE_ONLY___ ═
2025-08-14 13:35:23,635 INFO     ___FILE_ONLY___ ═
2025-08-14 13:35:23,649 INFO     ___FILE_ONLY___ ═
2025-08-14 13:35:23,662 INFO     ___FILE_ONLY___ ═
2025-08-14 13:35:23,675 INFO     ___FILE_ONLY___ ═
2025-08-14 13:35:23,690 INFO     ___FILE_ONLY___ ═
2025-08-14 13:35:23,706 INFO     ___FILE_ONLY___ ═
2025-08-14 13:35:23,726 INFO     ___FILE_ONLY___ ═
2025-08-14 13:35:23,743 INFO     ___FILE_ONLY___ ═
2025-08-14 13:35:23,760 INFO     ___FILE_ONLY___ ═
2025-08-14 13:35:23,760 INFO     ___FILE_ONLY___ ╝

2025-08-14 13:35:23,790 INFO     ___FILE_ONLY___ ╔════════════════════════════════════════════════════════════╗

2025-08-14 13:35:23,790 INFO     ___FILE_ONLY___ ╠═ Installing: Cloud Storage Command Line Tool (Platform... ═╣

2025-08-14 13:35:23,790 INFO     ___FILE_ONLY___ ╚
2025-08-14 13:35:23,791 INFO     ___FILE_ONLY___ ════════════════════════════════════════════════════════════
2025-08-14 13:35:23,791 INFO     ___FILE_ONLY___ ╝

2025-08-14 13:35:23,795 INFO     ___FILE_ONLY___ ╔════════════════════════════════════════════════════════════╗

2025-08-14 13:35:23,795 INFO     ___FILE_ONLY___ ╠═ Installing: Default set of gcloud commands               ═╣

2025-08-14 13:35:23,795 INFO     ___FILE_ONLY___ ╚
2025-08-14 13:35:23,797 INFO     ___FILE_ONLY___ ════════════════════════════════════════════════════════════
2025-08-14 13:35:23,797 INFO     ___FILE_ONLY___ ╝

2025-08-14 13:35:23,799 INFO     ___FILE_ONLY___ ╔════════════════════════════════════════════════════════════╗

2025-08-14 13:35:23,799 INFO     ___FILE_ONLY___ ╠═ Installing: Google Cloud CLI Core Libraries (Platform... ═╣

2025-08-14 13:35:23,799 INFO     ___FILE_ONLY___ ╚
2025-08-14 13:35:23,800 INFO     ___FILE_ONLY___ ══════════════════════════════
2025-08-14 13:35:23,801 INFO     ___FILE_ONLY___ ══════════════════════════════
2025-08-14 13:35:23,801 INFO     ___FILE_ONLY___ ╝

2025-08-14 13:35:23,805 INFO     ___FILE_ONLY___ ╔════════════════════════════════════════════════════════════╗

2025-08-14 13:35:23,805 INFO     ___FILE_ONLY___ ╠═ Installing: Google Cloud CRC32C Hash Tool                ═╣

2025-08-14 13:35:23,805 INFO     ___FILE_ONLY___ ╚
2025-08-14 13:35:23,807 INFO     ___FILE_ONLY___ ════════════════════════════════════════════════════════════
2025-08-14 13:35:23,808 INFO     ___FILE_ONLY___ ╝

2025-08-14 13:35:23,809 INFO     ___FILE_ONLY___ ╔════════════════════════════════════════════════════════════╗

2025-08-14 13:35:23,809 INFO     ___FILE_ONLY___ ╠═ Installing: Google Cloud CRC32C Hash Tool (Platform S... ═╣

2025-08-14 13:35:23,809 INFO     ___FILE_ONLY___ ╚
2025-08-14 13:35:23,846 INFO     ___FILE_ONLY___ ══════════════════════════════
2025-08-14 13:35:23,847 INFO     ___FILE_ONLY___ ══════════════════════════════
2025-08-14 13:35:23,847 INFO     ___FILE_ONLY___ ╝

2025-08-14 13:35:23,852 INFO     ___FILE_ONLY___ ╔════════════════════════════════════════════════════════════╗

2025-08-14 13:35:23,852 INFO     ___FILE_ONLY___ ╠═ Installing: gcloud cli dependencies (Platform Specific)  ═╣

2025-08-14 13:35:23,852 INFO     ___FILE_ONLY___ ╚
2025-08-14 13:35:23,852 INFO     ___FILE_ONLY___ ════════════════════════════════════════════════════════════
2025-08-14 13:35:23,852 INFO     ___FILE_ONLY___ ╝

2025-08-14 13:35:23,857 DEBUG    root            Updating notification cache...
2025-08-14 13:35:23,857 INFO     ___FILE_ONLY___ 

2025-08-14 13:35:23,859 INFO     ___FILE_ONLY___ Performing post processing steps...
2025-08-14 13:35:23,859 DEBUG    root            Executing command: ['/tools/google-cloud-sdk/bin/gcloud', 'components', 'post-process']
2025-08-14 13:35:32,321 DEBUG    ___FILE_ONLY___ 
2025-08-14 13:35:32,321 DEBUG    ___FILE_ONLY___ 
2025-08-14 13:35:32,383 INFO     root            descriptor_list: [{'universeDomain': 'googleapis.com', 'universeShortName': '', 'authenticationDomain': 'auth.cloud.google.com', 'projectPrefix': '', 'cloudWebDomain': 'cloud.google.com', 'documentationDomain': 'cloud.google.com', 'version': '1.0.0', 'state': 'primary', 'artifactRegistryDomain': 'pkg.dev'}]
2025-08-14 13:35:32,384 INFO     ___FILE_ONLY___ 
Update done!


2025-08-14 13:35:32,386 DEBUG    root            Chosen display Format:none
2025-08-14 13:35:32,387 INFO     root            Display format: "none"
