2025-08-14 13:35:33,046 DEBUG    root            Loaded Command Group: ['gcloud', 'components']
2025-08-14 13:35:33,048 DEBUG    root            Loaded Command Group: ['gcloud', 'components', 'update']
2025-08-14 13:35:33,049 DEBUG    root            Running [gcloud.components.update] with arguments: [--quiet: "True", COMPONENT-IDS:8: "['gcloud', 'core', 'bq', 'gsutil', 'compute', 'preview', 'alpha', 'beta']"]
2025-08-14 13:35:33,050 INFO     ___FILE_ONLY___ Beginning update. This process may take several minutes.

2025-08-14 13:35:33,059 DEBUG    urllib3.connectionpool Starting new HTTPS connection (1): dl.google.com:443
2025-08-14 13:35:33,252 DEBUG    urllib3.connectionpool https://dl.google.com:443 "GET /dl/cloudsdk/channels/rapid/components-2.json HTTP/11" 200 233150
2025-08-14 13:35:33,265 WARNING  root            Component [compute] no longer exists.
2025-08-14 13:35:33,266 INFO     ___FILE_ONLY___ 

2025-08-14 13:35:33,267 INFO     ___FILE_ONLY___ 
Your current Google Cloud CLI version is: 534.0.0

2025-08-14 13:35:33,267 INFO     ___FILE_ONLY___ Installing components from version: 534.0.0

2025-08-14 13:35:33,267 INFO     ___FILE_ONLY___ 

2025-08-14 13:35:33,267 DEBUG    root            Chosen display Format:table[box,title="These components will be removed."](details.display_name:label=Name:align=left,version.version_string:label=Version:align=right,data.size.size(zero="",min=1048576):label=Size:align=right)
2025-08-14 13:35:33,268 DEBUG    root            Chosen display Format:table[box,title="These components will be updated."](details.display_name:label=Name:align=left,version.version_string:label=Version:align=right,data.size.size(zero="",min=1048576):label=Size:align=right)
2025-08-14 13:35:33,268 DEBUG    root            Chosen display Format:table[box,title="These components will be installed."](details.display_name:label=Name:align=left,version.version_string:label=Version:align=right,data.size.size(zero="",min=1048576):label=Size:align=right)
2025-08-14 13:35:33,282 INFO     ___FILE_ONLY___ ┌────────────────────────────────────────────────┐
2025-08-14 13:35:33,282 INFO     ___FILE_ONLY___ 

2025-08-14 13:35:33,282 INFO     ___FILE_ONLY___ │      These components will be installed.       │
2025-08-14 13:35:33,282 INFO     ___FILE_ONLY___ 

2025-08-14 13:35:33,283 INFO     ___FILE_ONLY___ ├─────────────────────────┬────────────┬─────────┤
2025-08-14 13:35:33,283 INFO     ___FILE_ONLY___ 

2025-08-14 13:35:33,283 INFO     ___FILE_ONLY___ │           Name          │  Version   │   Size  │
2025-08-14 13:35:33,283 INFO     ___FILE_ONLY___ 

2025-08-14 13:35:33,283 INFO     ___FILE_ONLY___ ├─────────────────────────┼────────────┼─────────┤
2025-08-14 13:35:33,283 INFO     ___FILE_ONLY___ 

2025-08-14 13:35:33,283 INFO     ___FILE_ONLY___ │ 
2025-08-14 13:35:33,283 INFO     ___FILE_ONLY___ gcloud Alpha Commands  
2025-08-14 13:35:33,283 INFO     ___FILE_ONLY___  
2025-08-14 13:35:33,283 INFO     ___FILE_ONLY___ │ 
2025-08-14 13:35:33,283 INFO     ___FILE_ONLY___ 2025.08.08
2025-08-14 13:35:33,283 INFO     ___FILE_ONLY___  
2025-08-14 13:35:33,283 INFO     ___FILE_ONLY___ │ 
2025-08-14 13:35:33,283 INFO     ___FILE_ONLY___ < 1 MiB
2025-08-14 13:35:33,283 INFO     ___FILE_ONLY___  
2025-08-14 13:35:33,283 INFO     ___FILE_ONLY___ │
2025-08-14 13:35:33,283 INFO     ___FILE_ONLY___ 

2025-08-14 13:35:33,283 INFO     ___FILE_ONLY___ │ 
2025-08-14 13:35:33,283 INFO     ___FILE_ONLY___ gcloud Beta Commands   
2025-08-14 13:35:33,284 INFO     ___FILE_ONLY___  
2025-08-14 13:35:33,284 INFO     ___FILE_ONLY___ │ 
2025-08-14 13:35:33,284 INFO     ___FILE_ONLY___ 2025.08.08
2025-08-14 13:35:33,284 INFO     ___FILE_ONLY___  
2025-08-14 13:35:33,284 INFO     ___FILE_ONLY___ │ 
2025-08-14 13:35:33,284 INFO     ___FILE_ONLY___ < 1 MiB
2025-08-14 13:35:33,284 INFO     ___FILE_ONLY___  
2025-08-14 13:35:33,284 INFO     ___FILE_ONLY___ │
2025-08-14 13:35:33,284 INFO     ___FILE_ONLY___ 

2025-08-14 13:35:33,284 INFO     ___FILE_ONLY___ │ 
2025-08-14 13:35:33,284 INFO     ___FILE_ONLY___ gcloud Preview Commands
2025-08-14 13:35:33,284 INFO     ___FILE_ONLY___  
2025-08-14 13:35:33,284 INFO     ___FILE_ONLY___ │ 
2025-08-14 13:35:33,284 INFO     ___FILE_ONLY___           
2025-08-14 13:35:33,284 INFO     ___FILE_ONLY___  
2025-08-14 13:35:33,284 INFO     ___FILE_ONLY___ │ 
2025-08-14 13:35:33,284 INFO     ___FILE_ONLY___ < 1 MiB
2025-08-14 13:35:33,284 INFO     ___FILE_ONLY___  
2025-08-14 13:35:33,284 INFO     ___FILE_ONLY___ │
2025-08-14 13:35:33,285 INFO     ___FILE_ONLY___ 

2025-08-14 13:35:33,285 INFO     ___FILE_ONLY___ └─────────────────────────┴────────────┴─────────┘
2025-08-14 13:35:33,285 INFO     ___FILE_ONLY___ 

2025-08-14 13:35:33,285 INFO     ___FILE_ONLY___ 

2025-08-14 13:35:33,288 DEBUG    urllib3.connectionpool Starting new HTTPS connection (1): dl.google.com:443
2025-08-14 13:35:34,358 DEBUG    urllib3.connectionpool https://dl.google.com:443 "GET /dl/cloudsdk/channels/rapid/RELEASE_NOTES HTTP/11" 200 1464830
2025-08-14 13:35:35,786 INFO     ___FILE_ONLY___ For the latest full release notes, please visit:
  https://cloud.google.com/sdk/release_notes


2025-08-14 13:35:35,786 INFO     ___FILE_ONLY___ Performing in place update...


2025-08-14 13:35:35,788 INFO     ___FILE_ONLY___ ╔════════════════════════════════════════════════════════════╗

2025-08-14 13:35:35,788 INFO     ___FILE_ONLY___ ╠═ Downloading: gcloud Alpha Commands                       ═╣

2025-08-14 13:35:35,789 INFO     ___FILE_ONLY___ ╚
2025-08-14 13:35:35,792 DEBUG    urllib3.connectionpool Starting new HTTPS connection (1): dl.google.com:443
2025-08-14 13:35:35,985 DEBUG    urllib3.connectionpool https://dl.google.com:443 "GET /dl/cloudsdk/channels/rapid/components/google-cloud-sdk-alpha-20250808155822.tar.gz HTTP/11" 200 800
2025-08-14 13:35:35,986 INFO     ___FILE_ONLY___ ════════════════════════════════════════════════════════════
2025-08-14 13:35:35,986 INFO     ___FILE_ONLY___ ╝

2025-08-14 13:35:35,988 INFO     ___FILE_ONLY___ ╔════════════════════════════════════════════════════════════╗

2025-08-14 13:35:35,988 INFO     ___FILE_ONLY___ ╠═ Downloading: gcloud Beta Commands                        ═╣

2025-08-14 13:35:35,988 INFO     ___FILE_ONLY___ ╚
2025-08-14 13:35:35,992 DEBUG    urllib3.connectionpool Starting new HTTPS connection (1): dl.google.com:443
2025-08-14 13:35:36,187 DEBUG    urllib3.connectionpool https://dl.google.com:443 "GET /dl/cloudsdk/channels/rapid/components/google-cloud-sdk-beta-20250808155822.tar.gz HTTP/11" 200 797
2025-08-14 13:35:36,188 INFO     ___FILE_ONLY___ ════════════════════════════════════════════════════════════
2025-08-14 13:35:36,188 INFO     ___FILE_ONLY___ ╝

2025-08-14 13:35:36,190 INFO     ___FILE_ONLY___ ╔════════════════════════════════════════════════════════════╗

2025-08-14 13:35:36,190 INFO     ___FILE_ONLY___ ╠═ Downloading: gcloud Preview Commands                     ═╣

2025-08-14 13:35:36,190 INFO     ___FILE_ONLY___ ╚
2025-08-14 13:35:36,193 DEBUG    urllib3.connectionpool Starting new HTTPS connection (1): dl.google.com:443
2025-08-14 13:35:36,415 DEBUG    urllib3.connectionpool https://dl.google.com:443 "GET /dl/cloudsdk/channels/rapid/components/google-cloud-sdk-preview-20241115154308.tar.gz HTTP/11" 200 823
2025-08-14 13:35:36,415 INFO     ___FILE_ONLY___ ════════════════════════════════════════════════════════════
2025-08-14 13:35:36,415 INFO     ___FILE_ONLY___ ╝

2025-08-14 13:35:36,418 INFO     ___FILE_ONLY___ ╔════════════════════════════════════════════════════════════╗

2025-08-14 13:35:36,418 INFO     ___FILE_ONLY___ ╠═ Installing: gcloud Alpha Commands                        ═╣

2025-08-14 13:35:36,418 INFO     ___FILE_ONLY___ ╚
2025-08-14 13:35:36,419 INFO     ___FILE_ONLY___ ════════════════════════════════════════════════════════════
2025-08-14 13:35:36,419 INFO     ___FILE_ONLY___ ╝

2025-08-14 13:35:36,424 INFO     ___FILE_ONLY___ ╔════════════════════════════════════════════════════════════╗

2025-08-14 13:35:36,424 INFO     ___FILE_ONLY___ ╠═ Installing: gcloud Beta Commands                         ═╣

2025-08-14 13:35:36,424 INFO     ___FILE_ONLY___ ╚
2025-08-14 13:35:36,425 INFO     ___FILE_ONLY___ ════════════════════════════════════════════════════════════
2025-08-14 13:35:36,425 INFO     ___FILE_ONLY___ ╝

2025-08-14 13:35:36,430 INFO     ___FILE_ONLY___ ╔════════════════════════════════════════════════════════════╗

2025-08-14 13:35:36,430 INFO     ___FILE_ONLY___ ╠═ Installing: gcloud Preview Commands                      ═╣

2025-08-14 13:35:36,430 INFO     ___FILE_ONLY___ ╚
2025-08-14 13:35:36,431 INFO     ___FILE_ONLY___ ════════════════════════════════════════════════════════════
2025-08-14 13:35:36,431 INFO     ___FILE_ONLY___ ╝

2025-08-14 13:35:36,435 DEBUG    root            Updating notification cache...
2025-08-14 13:35:36,436 INFO     ___FILE_ONLY___ 

2025-08-14 13:35:36,438 INFO     ___FILE_ONLY___ Performing post processing steps...
2025-08-14 13:35:36,438 DEBUG    root            Executing command: ['/tools/google-cloud-sdk/bin/gcloud', 'components', 'post-process']
2025-08-14 13:35:45,051 DEBUG    ___FILE_ONLY___ 
2025-08-14 13:35:45,051 DEBUG    ___FILE_ONLY___ 
2025-08-14 13:35:45,211 INFO     root            descriptor_list: [{'universeDomain': 'googleapis.com', 'universeShortName': '', 'authenticationDomain': 'auth.cloud.google.com', 'projectPrefix': '', 'cloudWebDomain': 'cloud.google.com', 'documentationDomain': 'cloud.google.com', 'version': '1.0.0', 'state': 'primary', 'artifactRegistryDomain': 'pkg.dev'}]
2025-08-14 13:35:45,211 INFO     ___FILE_ONLY___ 
Update done!


2025-08-14 13:35:45,213 DEBUG    root            Chosen display Format:none
2025-08-14 13:35:45,214 INFO     root            Display format: "none"
